<?xml version="1.0" encoding="UTF-8"?>
<coverage generated="1712847101276" clover="3.2.0">
  <project timestamp="1712847101276" name="All files">
    <metrics statements="47" coveredstatements="47" conditionals="12" coveredconditionals="11" methods="21" coveredmethods="21" elements="80" coveredelements="79" complexity="0" loc="47" ncloc="47" packages="2" files="8" classes="8"/>
    <package name="components">
      <metrics statements="43" coveredstatements="43" conditionals="12" coveredconditionals="11" methods="17" coveredmethods="17"/>
      <file name="attendee-list.tsx" path="/Users/felipecarvalho/Documents/personal/pass-in-web/src/components/attendee-list.tsx">
        <metrics statements="40" coveredstatements="40" conditionals="10" coveredconditionals="9" methods="14" coveredmethods="14"/>
        <line num="19" count="1" type="stmt"/>
        <line num="20" count="1" type="stmt"/>
        <line num="31" count="21" type="stmt"/>
        <line num="32" count="9" type="stmt"/>
        <line num="33" count="9" type="cond" truecount="2" falsecount="0"/>
        <line num="34" count="1" type="cond" truecount="1" falsecount="1"/>
        <line num="37" count="8" type="stmt"/>
        <line num="39" count="21" type="stmt"/>
        <line num="40" count="9" type="stmt"/>
        <line num="41" count="9" type="cond" truecount="2" falsecount="0"/>
        <line num="42" count="6" type="stmt"/>
        <line num="45" count="3" type="stmt"/>
        <line num="47" count="21" type="stmt"/>
        <line num="48" count="21" type="stmt"/>
        <line num="50" count="21" type="stmt"/>
        <line num="51" count="16" type="stmt"/>
        <line num="54" count="21" type="stmt"/>
        <line num="55" count="14" type="stmt"/>
        <line num="59" count="14" type="stmt"/>
        <line num="60" count="14" type="cond" truecount="2" falsecount="0"/>
        <line num="61" count="2" type="stmt"/>
        <line num="64" count="14" type="stmt"/>
        <line num="65" count="14" type="stmt"/>
        <line num="67" count="14" type="stmt"/>
        <line num="68" count="14" type="stmt"/>
        <line num="73" count="5" type="stmt"/>
        <line num="74" count="5" type="stmt"/>
        <line num="75" count="5" type="stmt"/>
        <line num="76" count="5" type="stmt"/>
        <line num="80" count="1" type="stmt"/>
        <line num="81" count="1" type="stmt"/>
        <line num="82" count="1" type="stmt"/>
        <line num="83" count="1" type="stmt"/>
        <line num="84" count="1" type="stmt"/>
        <line num="88" count="1" type="stmt"/>
        <line num="92" count="1" type="stmt"/>
        <line num="96" count="1" type="stmt"/>
        <line num="100" count="1" type="stmt"/>
        <line num="103" count="21" type="stmt"/>
        <line num="139" count="14" type="stmt"/>
      </file>
      <file name="button.tsx" path="/Users/felipecarvalho/Documents/personal/pass-in-web/src/components/button.tsx">
        <metrics statements="1" coveredstatements="1" conditionals="2" coveredconditionals="2" methods="1" coveredmethods="1"/>
        <line num="8" count="98" type="stmt"/>
      </file>
      <file name="header.tsx" path="/Users/felipecarvalho/Documents/personal/pass-in-web/src/components/header.tsx">
        <metrics statements="1" coveredstatements="1" conditionals="0" coveredconditionals="0" methods="1" coveredmethods="1"/>
        <line num="5" count="1" type="stmt"/>
      </file>
      <file name="nav-link.tsx" path="/Users/felipecarvalho/Documents/personal/pass-in-web/src/components/nav-link.tsx">
        <metrics statements="1" coveredstatements="1" conditionals="0" coveredconditionals="0" methods="1" coveredmethods="1"/>
        <line num="6" count="2" type="stmt"/>
      </file>
    </package>
    <package name="components.table">
      <metrics statements="4" coveredstatements="4" conditionals="0" coveredconditionals="0" methods="4" coveredmethods="4"/>
      <file name="table-cell.tsx" path="/Users/felipecarvalho/Documents/personal/pass-in-web/src/components/table/table-cell.tsx">
        <metrics statements="1" coveredstatements="1" conditionals="0" coveredconditionals="0" methods="1" coveredmethods="1"/>
        <line num="7" count="128" type="stmt"/>
      </file>
      <file name="table-header.tsx" path="/Users/felipecarvalho/Documents/personal/pass-in-web/src/components/table/table-header.tsx">
        <metrics statements="1" coveredstatements="1" conditionals="0" coveredconditionals="0" methods="1" coveredmethods="1"/>
        <line num="6" count="129" type="stmt"/>
      </file>
      <file name="table-row.tsx" path="/Users/felipecarvalho/Documents/personal/pass-in-web/src/components/table/table-row.tsx">
        <metrics statements="1" coveredstatements="1" conditionals="0" coveredconditionals="0" methods="1" coveredmethods="1"/>
        <line num="7" count="37" type="stmt"/>
      </file>
      <file name="table.tsx" path="/Users/felipecarvalho/Documents/personal/pass-in-web/src/components/table/table.tsx">
        <metrics statements="1" coveredstatements="1" conditionals="0" coveredconditionals="0" methods="1" coveredmethods="1"/>
        <line num="6" count="23" type="stmt"/>
      </file>
    </package>
  </project>
</coverage>
