{"/Users/felipecarvalho/Documents/personal/pass-in-web/src/components/attendee-list.tsx": {"path":"/Users/felipecarvalho/Documents/personal/pass-in-web/src/components/attendee-list.tsx","statementMap":{"0":{"start":{"line":19,"column":0},"end":{"line":19,"column":null}},"1":{"start":{"line":20,"column":0},"end":{"line":20,"column":null}},"2":{"start":{"line":31,"column":30},"end":{"line":38,"column":null}},"3":{"start":{"line":32,"column":16},"end":{"line":32,"column":null}},"4":{"start":{"line":33,"column":4},"end":{"line":35,"column":null}},"5":{"start":{"line":34,"column":6},"end":{"line":34,"column":null}},"6":{"start":{"line":37,"column":4},"end":{"line":37,"column":null}},"7":{"start":{"line":39,"column":26},"end":{"line":46,"column":null}},"8":{"start":{"line":40,"column":16},"end":{"line":40,"column":null}},"9":{"start":{"line":41,"column":4},"end":{"line":43,"column":null}},"10":{"start":{"line":42,"column":6},"end":{"line":42,"column":null}},"11":{"start":{"line":45,"column":4},"end":{"line":45,"column":null}},"12":{"start":{"line":47,"column":28},"end":{"line":47,"column":null}},"13":{"start":{"line":48,"column":36},"end":{"line":48,"column":null}},"14":{"start":{"line":50,"column":21},"end":{"line":52,"column":null}},"15":{"start":{"line":51,"column":4},"end":{"line":51,"column":null}},"16":{"start":{"line":54,"column":2},"end":{"line":70,"column":null}},"17":{"start":{"line":55,"column":16},"end":{"line":57,"column":null}},"18":{"start":{"line":59,"column":4},"end":{"line":59,"column":null}},"19":{"start":{"line":60,"column":4},"end":{"line":62,"column":null}},"20":{"start":{"line":61,"column":6},"end":{"line":61,"column":null}},"21":{"start":{"line":64,"column":4},"end":{"line":69,"column":null}},"22":{"start":{"line":65,"column":22},"end":{"line":65,"column":33}},"23":{"start":{"line":67,"column":8},"end":{"line":67,"column":null}},"24":{"start":{"line":68,"column":8},"end":{"line":68,"column":null}},"25":{"start":{"line":73,"column":16},"end":{"line":73,"column":null}},"26":{"start":{"line":74,"column":4},"end":{"line":74,"column":null}},"27":{"start":{"line":75,"column":4},"end":{"line":75,"column":null}},"28":{"start":{"line":76,"column":4},"end":{"line":76,"column":null}},"29":{"start":{"line":80,"column":16},"end":{"line":80,"column":null}},"30":{"start":{"line":81,"column":4},"end":{"line":81,"column":null}},"31":{"start":{"line":82,"column":4},"end":{"line":82,"column":null}},"32":{"start":{"line":83,"column":4},"end":{"line":83,"column":null}},"33":{"start":{"line":84,"column":4},"end":{"line":84,"column":null}},"34":{"start":{"line":88,"column":4},"end":{"line":88,"column":null}},"35":{"start":{"line":92,"column":4},"end":{"line":92,"column":null}},"36":{"start":{"line":96,"column":4},"end":{"line":96,"column":null}},"37":{"start":{"line":100,"column":4},"end":{"line":100,"column":null}},"38":{"start":{"line":103,"column":2},"end":{"line":218,"column":null}},"39":{"start":{"line":139,"column":12},"end":{"line":168,"column":null}}},"fnMap":{"0":{"name":"AttendeeList","decl":{"start":{"line":30,"column":16},"end":{"line":30,"column":31}},"loc":{"start":{"line":30,"column":31},"end":{"line":220,"column":null}}},"1":{"name":"(anonymous_1)","decl":{"start":{"line":31,"column":39},"end":{"line":31,"column":45}},"loc":{"start":{"line":31,"column":45},"end":{"line":38,"column":3}}},"2":{"name":"(anonymous_2)","decl":{"start":{"line":39,"column":35},"end":{"line":39,"column":41}},"loc":{"start":{"line":39,"column":41},"end":{"line":46,"column":3}}},"3":{"name":"(anonymous_3)","decl":{"start":{"line":50,"column":29},"end":{"line":50,"column":35}},"loc":{"start":{"line":50,"column":35},"end":{"line":52,"column":5}}},"4":{"name":"(anonymous_4)","decl":{"start":{"line":54,"column":12},"end":{"line":54,"column":18}},"loc":{"start":{"line":54,"column":18},"end":{"line":70,"column":5}}},"5":{"name":"(anonymous_5)","decl":{"start":{"line":65,"column":12},"end":{"line":65,"column":13}},"loc":{"start":{"line":65,"column":22},"end":{"line":65,"column":33}}},"6":{"name":"(anonymous_6)","decl":{"start":{"line":66,"column":12},"end":{"line":66,"column":13}},"loc":{"start":{"line":66,"column":22},"end":{"line":69,"column":7}}},"7":{"name":"setCurrentPage","decl":{"start":{"line":72,"column":11},"end":{"line":72,"column":26}},"loc":{"start":{"line":72,"column":40},"end":{"line":77,"column":null}}},"8":{"name":"onSearchInputChange","decl":{"start":{"line":79,"column":11},"end":{"line":79,"column":31}},"loc":{"start":{"line":79,"column":69},"end":{"line":85,"column":null}}},"9":{"name":"goToFirstPage","decl":{"start":{"line":87,"column":11},"end":{"line":87,"column":27}},"loc":{"start":{"line":87,"column":27},"end":{"line":89,"column":null}}},"10":{"name":"goToPreviousPage","decl":{"start":{"line":91,"column":11},"end":{"line":91,"column":30}},"loc":{"start":{"line":91,"column":30},"end":{"line":93,"column":null}}},"11":{"name":"goToNextPage","decl":{"start":{"line":95,"column":11},"end":{"line":95,"column":26}},"loc":{"start":{"line":95,"column":26},"end":{"line":97,"column":null}}},"12":{"name":"goToLastPage","decl":{"start":{"line":99,"column":11},"end":{"line":99,"column":26}},"loc":{"start":{"line":99,"column":26},"end":{"line":101,"column":null}}},"13":{"name":"(anonymous_13)","decl":{"start":{"line":138,"column":25},"end":{"line":138,"column":26}},"loc":{"start":{"line":139,"column":12},"end":{"line":168,"column":null}}}},"branchMap":{"0":{"loc":{"start":{"line":33,"column":4},"end":{"line":35,"column":null}},"type":"if","locations":[{"start":{"line":33,"column":4},"end":{"line":35,"column":null}},{"start":{"line":33,"column":4},"end":{"line":35,"column":null}}]},"1":{"loc":{"start":{"line":34,"column":13},"end":{"line":34,"column":null}},"type":"binary-expr","locations":[{"start":{"line":34,"column":13},"end":{"line":34,"column":47}},{"start":{"line":34,"column":47},"end":{"line":34,"column":null}}]},"2":{"loc":{"start":{"line":41,"column":4},"end":{"line":43,"column":null}},"type":"if","locations":[{"start":{"line":41,"column":4},"end":{"line":43,"column":null}},{"start":{"line":41,"column":4},"end":{"line":43,"column":null}}]},"3":{"loc":{"start":{"line":60,"column":4},"end":{"line":62,"column":null}},"type":"if","locations":[{"start":{"line":60,"column":4},"end":{"line":62,"column":null}},{"start":{"line":60,"column":4},"end":{"line":62,"column":null}}]},"4":{"loc":{"start":{"line":157,"column":17},"end":{"line":160,"column":null}},"type":"cond-expr","locations":[{"start":{"line":158,"column":18},"end":{"line":158,"column":null}},{"start":{"line":160,"column":18},"end":{"line":160,"column":null}}]}},"s":{"0":1,"1":1,"2":21,"3":9,"4":9,"5":1,"6":8,"7":21,"8":9,"9":9,"10":6,"11":3,"12":21,"13":21,"14":21,"15":16,"16":21,"17":14,"18":14,"19":14,"20":2,"21":14,"22":14,"23":14,"24":14,"25":5,"26":5,"27":5,"28":5,"29":1,"30":1,"31":1,"32":1,"33":1,"34":1,"35":1,"36":1,"37":1,"38":21,"39":14},"f":{"0":21,"1":9,"2":9,"3":16,"4":14,"5":14,"6":14,"7":5,"8":1,"9":1,"10":1,"11":1,"12":1,"13":14},"b":{"0":[1,8],"1":[1,0],"2":[6,3],"3":[2,12],"4":[7,7]}}
,"/Users/felipecarvalho/Documents/personal/pass-in-web/src/components/button.tsx": {"path":"/Users/felipecarvalho/Documents/personal/pass-in-web/src/components/button.tsx","statementMap":{"0":{"start":{"line":8,"column":2},"end":{"line":16,"column":null}}},"fnMap":{"0":{"name":"Button","decl":{"start":{"line":7,"column":16},"end":{"line":7,"column":23}},"loc":{"start":{"line":7,"column":57},"end":{"line":18,"column":null}}}},"branchMap":{"0":{"loc":{"start":{"line":12,"column":8},"end":{"line":14,"column":null}},"type":"cond-expr","locations":[{"start":{"line":13,"column":12},"end":{"line":13,"column":null}},{"start":{"line":14,"column":12},"end":{"line":14,"column":null}}]}},"s":{"0":98},"f":{"0":98},"b":{"0":[14,84]}}
,"/Users/felipecarvalho/Documents/personal/pass-in-web/src/components/header.tsx": {"path":"/Users/felipecarvalho/Documents/personal/pass-in-web/src/components/header.tsx","statementMap":{"0":{"start":{"line":5,"column":2},"end":{"line":13,"column":null}}},"fnMap":{"0":{"name":"Header","decl":{"start":{"line":4,"column":16},"end":{"line":4,"column":25}},"loc":{"start":{"line":4,"column":25},"end":{"line":15,"column":null}}}},"branchMap":{},"s":{"0":1},"f":{"0":1},"b":{}}
,"/Users/felipecarvalho/Documents/personal/pass-in-web/src/components/nav-link.tsx": {"path":"/Users/felipecarvalho/Documents/personal/pass-in-web/src/components/nav-link.tsx","statementMap":{"0":{"start":{"line":6,"column":2},"end":{"line":6,"column":null}}},"fnMap":{"0":{"name":"NavLink","decl":{"start":{"line":5,"column":16},"end":{"line":5,"column":24}},"loc":{"start":{"line":5,"column":45},"end":{"line":7,"column":null}}}},"branchMap":{},"s":{"0":2},"f":{"0":2},"b":{}}
,"/Users/felipecarvalho/Documents/personal/pass-in-web/src/components/table/table-cell.tsx": {"path":"/Users/felipecarvalho/Documents/personal/pass-in-web/src/components/table/table-cell.tsx","statementMap":{"0":{"start":{"line":7,"column":2},"end":{"line":11,"column":null}}},"fnMap":{"0":{"name":"TableCell","decl":{"start":{"line":6,"column":16},"end":{"line":6,"column":26}},"loc":{"start":{"line":6,"column":58},"end":{"line":13,"column":null}}}},"branchMap":{},"s":{"0":128},"f":{"0":128},"b":{}}
,"/Users/felipecarvalho/Documents/personal/pass-in-web/src/components/table/table-header.tsx": {"path":"/Users/felipecarvalho/Documents/personal/pass-in-web/src/components/table/table-header.tsx","statementMap":{"0":{"start":{"line":6,"column":2},"end":{"line":7,"column":null}}},"fnMap":{"0":{"name":"TableHeader","decl":{"start":{"line":5,"column":16},"end":{"line":5,"column":28}},"loc":{"start":{"line":5,"column":42},"end":{"line":9,"column":null}}}},"branchMap":{},"s":{"0":129},"f":{"0":129},"b":{}}
,"/Users/felipecarvalho/Documents/personal/pass-in-web/src/components/table/table-row.tsx": {"path":"/Users/felipecarvalho/Documents/personal/pass-in-web/src/components/table/table-row.tsx","statementMap":{"0":{"start":{"line":7,"column":2},"end":{"line":8,"column":null}}},"fnMap":{"0":{"name":"TableRow","decl":{"start":{"line":6,"column":16},"end":{"line":6,"column":25}},"loc":{"start":{"line":6,"column":57},"end":{"line":10,"column":null}}}},"branchMap":{},"s":{"0":37},"f":{"0":37},"b":{}}
,"/Users/felipecarvalho/Documents/personal/pass-in-web/src/components/table/table.tsx": {"path":"/Users/felipecarvalho/Documents/personal/pass-in-web/src/components/table/table.tsx","statementMap":{"0":{"start":{"line":6,"column":2},"end":{"line":9,"column":null}}},"fnMap":{"0":{"name":"Table","decl":{"start":{"line":5,"column":16},"end":{"line":5,"column":22}},"loc":{"start":{"line":5,"column":36},"end":{"line":11,"column":null}}}},"branchMap":{},"s":{"0":23},"f":{"0":23},"b":{}}
}
